{"/Users/stone/Interview/common-webpack-config/lib/webpack.base.js":{"path":"/Users/stone/Interview/common-webpack-config/lib/webpack.base.js","s":{"1":1,"2":1,"3":1,"4":1,"5":1,"6":1,"7":1,"8":0,"9":0,"10":0,"11":0,"12":0},"b":{"1":[0,0],"2":[0,0,0]},"f":{"1":0},"fnMap":{"1":{"name":"onError","line":100,"loc":{"start":{"line":100,"column":4},"end":{"line":100,"column":23}}}},"statementMap":{"1":{"start":{"line":1,"column":0},"end":{"line":1,"column":29}},"2":{"start":{"line":2,"column":0},"end":{"line":2,"column":64}},"3":{"start":{"line":3,"column":0},"end":{"line":3,"column":57}},"4":{"start":{"line":4,"column":0},"end":{"line":4,"column":63}},"5":{"start":{"line":5,"column":0},"end":{"line":5,"column":71}},"6":{"start":{"line":7,"column":0},"end":{"line":7,"column":34}},"7":{"start":{"line":9,"column":0},"end":{"line":111,"column":2}},"8":{"start":{"line":39,"column":29},"end":{"line":43,"column":15}},"9":{"start":{"line":101,"column":6},"end":{"line":106,"column":9}},"10":{"start":{"line":102,"column":8},"end":{"line":105,"column":9}},"11":{"start":{"line":103,"column":10},"end":{"line":103,"column":39}},"12":{"start":{"line":104,"column":10},"end":{"line":104,"column":26}}},"branchMap":{"1":{"line":102,"type":"if","locations":[{"start":{"line":102,"column":8},"end":{"line":102,"column":8}},{"start":{"line":102,"column":8},"end":{"line":102,"column":8}}]},"2":{"line":102,"type":"binary-expr","locations":[{"start":{"line":102,"column":12},"end":{"line":102,"column":36}},{"start":{"line":102,"column":40},"end":{"line":102,"column":71}},{"start":{"line":102,"column":75},"end":{"line":102,"column":113}}]}}}}